d:\$school\$gdp2\gamejam\$code\ocean madness\gdpphysics\x64\debug\gdpphysics.pdb
d:\$school\$gdp2\gamejam\$code\ocean madness\gdpphysics\x64\debug\gdpphysics.idb
d:\$school\$gdp2\gamejam\$code\ocean madness\gdpphysics\x64\debug\btcollisionworld.obj
d:\$school\$gdp2\gamejam\$code\ocean madness\gdpphysics\x64\debug\btcollisionobject.obj
d:\$school\$gdp2\gamejam\$code\ocean madness\gdpphysics\x64\debug\btcollisiondispatchermt.obj
d:\$school\$gdp2\gamejam\$code\ocean madness\gdpphysics\x64\debug\btcollisiondispatcher.obj
d:\$school\$gdp2\gamejam\$code\ocean madness\gdpphysics\x64\debug\btboxboxdetector.obj
d:\$school\$gdp2\gamejam\$code\ocean madness\gdpphysics\x64\debug\btboxboxcollisionalgorithm.obj
d:\$school\$gdp2\gamejam\$code\ocean madness\gdpphysics\x64\debug\btbox2dbox2dcollisionalgorithm.obj
d:\$school\$gdp2\gamejam\$code\ocean madness\gdpphysics\x64\debug\btactivatingcollisionalgorithm.obj
d:\$school\$gdp2\gamejam\$code\ocean madness\gdpphysics\x64\debug\btsimplebroadphase.obj
d:\$school\$gdp2\gamejam\$code\ocean madness\gdpphysics\x64\debug\btquantizedbvh.obj
d:\$school\$gdp2\gamejam\$code\ocean madness\gdpphysics\x64\debug\btoverlappingpaircache.obj
d:\$school\$gdp2\gamejam\$code\ocean madness\gdpphysics\x64\debug\btdispatcher.obj
d:\$school\$gdp2\gamejam\$code\ocean madness\gdpphysics\x64\debug\btdbvtbroadphase.obj
d:\$school\$gdp2\gamejam\$code\ocean madness\gdpphysics\x64\debug\btdbvt.obj
d:\$school\$gdp2\gamejam\$code\ocean madness\gdpphysics\x64\debug\btcollisionalgorithm.obj
d:\$school\$gdp2\gamejam\$code\ocean madness\gdpphysics\x64\debug\btbroadphaseproxy.obj
d:\$school\$gdp2\gamejam\$code\ocean madness\gdpphysics\x64\debug\btaxissweep3.obj
d:\$school\$gdp2\gamejam\$code\ocean madness\gdpphysics\x64\debug\b3vector3.obj
d:\$school\$gdp2\gamejam\$code\ocean madness\gdpphysics\x64\debug\b3logging.obj
d:\$school\$gdp2\gamejam\$code\ocean madness\gdpphysics\x64\debug\b3alignedallocator.obj
d:\$school\$gdp2\gamejam\$code\ocean madness\gdpphysics\x64\debug\btbox2dshape.obj
d:\$school\$gdp2\gamejam\$code\ocean madness\gdpphysics\x64\debug\spheretriangledetector.obj
d:\$school\$gdp2\gamejam\$code\ocean madness\gdpphysics\x64\debug\btunionfind.obj
d:\$school\$gdp2\gamejam\$code\ocean madness\gdpphysics\x64\debug\btspheretrianglecollisionalgorithm.obj
d:\$school\$gdp2\gamejam\$code\ocean madness\gdpphysics\x64\debug\btspherespherecollisionalgorithm.obj
d:\$school\$gdp2\gamejam\$code\ocean madness\gdpphysics\x64\debug\btsphereboxcollisionalgorithm.obj
d:\$school\$gdp2\gamejam\$code\ocean madness\gdpphysics\x64\debug\btsimulationislandmanager.obj
d:\$school\$gdp2\gamejam\$code\ocean madness\gdpphysics\x64\debug\btmanifoldresult.obj
d:\$school\$gdp2\gamejam\$code\ocean madness\gdpphysics\x64\debug\btinternaledgeutility.obj
d:\$school\$gdp2\gamejam\$code\ocean madness\gdpphysics\x64\debug\bthashedsimplepaircache.obj
d:\$school\$gdp2\gamejam\$code\ocean madness\gdpphysics\x64\debug\btghostobject.obj
d:\$school\$gdp2\gamejam\$code\ocean madness\gdpphysics\x64\debug\btemptycollisionalgorithm.obj
d:\$school\$gdp2\gamejam\$code\ocean madness\gdpphysics\x64\debug\btdefaultcollisionconfiguration.obj
d:\$school\$gdp2\gamejam\$code\ocean madness\gdpphysics\x64\debug\btconvexplanecollisionalgorithm.obj
d:\$school\$gdp2\gamejam\$code\ocean madness\gdpphysics\x64\debug\btconvexconvexalgorithm.obj
d:\$school\$gdp2\gamejam\$code\ocean madness\gdpphysics\x64\debug\btconvexconcavecollisionalgorithm.obj
d:\$school\$gdp2\gamejam\$code\ocean madness\gdpphysics\x64\debug\btconvex2dconvex2dalgorithm.obj
d:\$school\$gdp2\gamejam\$code\ocean madness\gdpphysics\x64\debug\btcompoundcompoundcollisionalgorithm.obj
d:\$school\$gdp2\gamejam\$code\ocean madness\gdpphysics\x64\debug\btcompoundcollisionalgorithm.obj
d:\$school\$gdp2\gamejam\$code\ocean madness\gdpphysics\x64\debug\btcollisionworldimporter.obj
d:\$school\$gdp2\gamejam\$code\ocean madness\gdpphysics\x64\debug\btmultimaterialtrianglemeshshape.obj
d:\$school\$gdp2\gamejam\$code\ocean madness\gdpphysics\x64\debug\btminkowskisumshape.obj
d:\$school\$gdp2\gamejam\$code\ocean madness\gdpphysics\x64\debug\btminisdf.obj
d:\$school\$gdp2\gamejam\$code\ocean madness\gdpphysics\x64\debug\btheightfieldterrainshape.obj
d:\$school\$gdp2\gamejam\$code\ocean madness\gdpphysics\x64\debug\btemptyshape.obj
d:\$school\$gdp2\gamejam\$code\ocean madness\gdpphysics\x64\debug\btcylindershape.obj
d:\$school\$gdp2\gamejam\$code\ocean madness\gdpphysics\x64\debug\btconvextrianglemeshshape.obj
d:\$school\$gdp2\gamejam\$code\ocean madness\gdpphysics\x64\debug\btconvexshape.obj
d:\$school\$gdp2\gamejam\$code\ocean madness\gdpphysics\x64\debug\btconvexpolyhedron.obj
d:\$school\$gdp2\gamejam\$code\ocean madness\gdpphysics\x64\debug\btconvexpointcloudshape.obj
d:\$school\$gdp2\gamejam\$code\ocean madness\gdpphysics\x64\debug\btconvexinternalshape.obj
d:\$school\$gdp2\gamejam\$code\ocean madness\gdpphysics\x64\debug\btconvexhullshape.obj
d:\$school\$gdp2\gamejam\$code\ocean madness\gdpphysics\x64\debug\btconvex2dshape.obj
d:\$school\$gdp2\gamejam\$code\ocean madness\gdpphysics\x64\debug\btconeshape.obj
d:\$school\$gdp2\gamejam\$code\ocean madness\gdpphysics\x64\debug\btconcaveshape.obj
d:\$school\$gdp2\gamejam\$code\ocean madness\gdpphysics\x64\debug\btcompoundshape.obj
d:\$school\$gdp2\gamejam\$code\ocean madness\gdpphysics\x64\debug\btcollisionshape.obj
d:\$school\$gdp2\gamejam\$code\ocean madness\gdpphysics\x64\debug\btcapsuleshape.obj
d:\$school\$gdp2\gamejam\$code\ocean madness\gdpphysics\x64\debug\btbvhtrianglemeshshape.obj
d:\$school\$gdp2\gamejam\$code\ocean madness\gdpphysics\x64\debug\btboxshape.obj
d:\$school\$gdp2\gamejam\$code\ocean madness\gdpphysics\x64\debug\btgimpactbvh.obj
d:\$school\$gdp2\gamejam\$code\ocean madness\gdpphysics\x64\debug\btgenericpoolallocator.obj
d:\$school\$gdp2\gamejam\$code\ocean madness\gdpphysics\x64\debug\btcontactprocessing.obj
d:\$school\$gdp2\gamejam\$code\ocean madness\gdpphysics\x64\debug\btuniformscalingshape.obj
d:\$school\$gdp2\gamejam\$code\ocean madness\gdpphysics\x64\debug\bttrianglemeshshape.obj
d:\$school\$gdp2\gamejam\$code\ocean madness\gdpphysics\x64\debug\bttrianglemesh.obj
d:\$school\$gdp2\gamejam\$code\ocean madness\gdpphysics\x64\debug\bttriangleindexvertexmaterialarray.obj
d:\$school\$gdp2\gamejam\$code\ocean madness\gdpphysics\x64\debug\bttriangleindexvertexarray.obj
d:\$school\$gdp2\gamejam\$code\ocean madness\gdpphysics\x64\debug\bttrianglecallback.obj
d:\$school\$gdp2\gamejam\$code\ocean madness\gdpphysics\x64\debug\bttrianglebuffer.obj
d:\$school\$gdp2\gamejam\$code\ocean madness\gdpphysics\x64\debug\bttetrahedronshape.obj
d:\$school\$gdp2\gamejam\$code\ocean madness\gdpphysics\x64\debug\btstridingmeshinterface.obj
d:\$school\$gdp2\gamejam\$code\ocean madness\gdpphysics\x64\debug\btstaticplaneshape.obj
d:\$school\$gdp2\gamejam\$code\ocean madness\gdpphysics\x64\debug\btsphereshape.obj
d:\$school\$gdp2\gamejam\$code\ocean madness\gdpphysics\x64\debug\btshapehull.obj
d:\$school\$gdp2\gamejam\$code\ocean madness\gdpphysics\x64\debug\btsdfcollisionshape.obj
d:\$school\$gdp2\gamejam\$code\ocean madness\gdpphysics\x64\debug\btscaledbvhtrianglemeshshape.obj
d:\$school\$gdp2\gamejam\$code\ocean madness\gdpphysics\x64\debug\btpolyhedralconvexshape.obj
d:\$school\$gdp2\gamejam\$code\ocean madness\gdpphysics\x64\debug\btoptimizedbvh.obj
d:\$school\$gdp2\gamejam\$code\ocean madness\gdpphysics\x64\debug\btmultisphereshape.obj
d:\$school\$gdp2\gamejam\$code\ocean madness\gdpphysics\x64\debug\btvoronoisimplexsolver.obj
d:\$school\$gdp2\gamejam\$code\ocean madness\gdpphysics\x64\debug\btsubsimplexconvexcast.obj
d:\$school\$gdp2\gamejam\$code\ocean madness\gdpphysics\x64\debug\btraycastcallback.obj
d:\$school\$gdp2\gamejam\$code\ocean madness\gdpphysics\x64\debug\btpolyhedralcontactclipping.obj
d:\$school\$gdp2\gamejam\$code\ocean madness\gdpphysics\x64\debug\btpersistentmanifold.obj
d:\$school\$gdp2\gamejam\$code\ocean madness\gdpphysics\x64\debug\btminkowskipenetrationdepthsolver.obj
d:\$school\$gdp2\gamejam\$code\ocean madness\gdpphysics\x64\debug\btgjkpairdetector.obj
d:\$school\$gdp2\gamejam\$code\ocean madness\gdpphysics\x64\debug\btgjkepapenetrationdepthsolver.obj
d:\$school\$gdp2\gamejam\$code\ocean madness\gdpphysics\x64\debug\btgjkepa2.obj
d:\$school\$gdp2\gamejam\$code\ocean madness\gdpphysics\x64\debug\btgjkconvexcast.obj
d:\$school\$gdp2\gamejam\$code\ocean madness\gdpphysics\x64\debug\btconvexcast.obj
d:\$school\$gdp2\gamejam\$code\ocean madness\gdpphysics\x64\debug\btcontinuousconvexcollision.obj
d:\$school\$gdp2\gamejam\$code\ocean madness\gdpphysics\x64\debug\gim_tri_collision.obj
d:\$school\$gdp2\gamejam\$code\ocean madness\gdpphysics\x64\debug\gim_memory.obj
d:\$school\$gdp2\gamejam\$code\ocean madness\gdpphysics\x64\debug\gim_contact.obj
d:\$school\$gdp2\gamejam\$code\ocean madness\gdpphysics\x64\debug\gim_box_set.obj
d:\$school\$gdp2\gamejam\$code\ocean madness\gdpphysics\x64\debug\bttriangleshapeex.obj
d:\$school\$gdp2\gamejam\$code\ocean madness\gdpphysics\x64\debug\btgimpactshape.obj
d:\$school\$gdp2\gamejam\$code\ocean madness\gdpphysics\x64\debug\btgimpactquantizedbvh.obj
d:\$school\$gdp2\gamejam\$code\ocean madness\gdpphysics\x64\debug\btgimpactcollisionalgorithm.obj
d:\$school\$gdp2\gamejam\$code\ocean madness\gdpphysics\x64\debug\btdiscretedynamicsworld.obj
d:\$school\$gdp2\gamejam\$code\ocean madness\gdpphysics\x64\debug\btuniversalconstraint.obj
d:\$school\$gdp2\gamejam\$code\ocean madness\gdpphysics\x64\debug\bttypedconstraint.obj
d:\$school\$gdp2\gamejam\$code\ocean madness\gdpphysics\x64\debug\btsolve2linearconstraint.obj
d:\$school\$gdp2\gamejam\$code\ocean madness\gdpphysics\x64\debug\btsliderconstraint.obj
d:\$school\$gdp2\gamejam\$code\ocean madness\gdpphysics\x64\debug\btsequentialimpulseconstraintsolvermt.obj
d:\$school\$gdp2\gamejam\$code\ocean madness\gdpphysics\x64\debug\btsequentialimpulseconstraintsolver.obj
d:\$school\$gdp2\gamejam\$code\ocean madness\gdpphysics\x64\debug\btpoint2pointconstraint.obj
d:\$school\$gdp2\gamejam\$code\ocean madness\gdpphysics\x64\debug\btnncgconstraintsolver.obj
d:\$school\$gdp2\gamejam\$code\ocean madness\gdpphysics\x64\debug\bthingeconstraint.obj
d:\$school\$gdp2\gamejam\$code\ocean madness\gdpphysics\x64\debug\bthinge2constraint.obj
d:\$school\$gdp2\gamejam\$code\ocean madness\gdpphysics\x64\debug\btgeneric6dofspringconstraint.obj
d:\$school\$gdp2\gamejam\$code\ocean madness\gdpphysics\x64\debug\btgeneric6dofspring2constraint.obj
d:\$school\$gdp2\gamejam\$code\ocean madness\gdpphysics\x64\debug\btgeneric6dofconstraint.obj
d:\$school\$gdp2\gamejam\$code\ocean madness\gdpphysics\x64\debug\btgearconstraint.obj
d:\$school\$gdp2\gamejam\$code\ocean madness\gdpphysics\x64\debug\btfixedconstraint.obj
d:\$school\$gdp2\gamejam\$code\ocean madness\gdpphysics\x64\debug\btcontactconstraint.obj
d:\$school\$gdp2\gamejam\$code\ocean madness\gdpphysics\x64\debug\btconetwistconstraint.obj
d:\$school\$gdp2\gamejam\$code\ocean madness\gdpphysics\x64\debug\btbatchedconstraints.obj
d:\$school\$gdp2\gamejam\$code\ocean madness\gdpphysics\x64\debug\btkinematiccharactercontroller.obj
d:\$school\$gdp2\gamejam\$code\ocean madness\gdpphysics\x64\debug\btmlcpsolver.obj
d:\$school\$gdp2\gamejam\$code\ocean madness\gdpphysics\x64\debug\btlemkealgorithm.obj
d:\$school\$gdp2\gamejam\$code\ocean madness\gdpphysics\x64\debug\btdantziglcp.obj
d:\$school\$gdp2\gamejam\$code\ocean madness\gdpphysics\x64\debug\btmultibodysphericaljointmotor.obj
d:\$school\$gdp2\gamejam\$code\ocean madness\gdpphysics\x64\debug\btmultibodysphericaljointlimit.obj
d:\$school\$gdp2\gamejam\$code\ocean madness\gdpphysics\x64\debug\btmultibodysliderconstraint.obj
d:\$school\$gdp2\gamejam\$code\ocean madness\gdpphysics\x64\debug\btmultibodypoint2point.obj
d:\$school\$gdp2\gamejam\$code\ocean madness\gdpphysics\x64\debug\btmultibodymlcpconstraintsolver.obj
d:\$school\$gdp2\gamejam\$code\ocean madness\gdpphysics\x64\debug\btmultibodyjointmotor.obj
d:\$school\$gdp2\gamejam\$code\ocean madness\gdpphysics\x64\debug\btmultibodyjointlimitconstraint.obj
d:\$school\$gdp2\gamejam\$code\ocean madness\gdpphysics\x64\debug\btmultibodygearconstraint.obj
d:\$school\$gdp2\gamejam\$code\ocean madness\gdpphysics\x64\debug\btmultibodyfixedconstraint.obj
d:\$school\$gdp2\gamejam\$code\ocean madness\gdpphysics\x64\debug\btmultibodydynamicsworld.obj
d:\$school\$gdp2\gamejam\$code\ocean madness\gdpphysics\x64\debug\btmultibodyconstraintsolver.obj
d:\$school\$gdp2\gamejam\$code\ocean madness\gdpphysics\x64\debug\btmultibodyconstraint.obj
d:\$school\$gdp2\gamejam\$code\ocean madness\gdpphysics\x64\debug\btmultibody.obj
d:\$school\$gdp2\gamejam\$code\ocean madness\gdpphysics\x64\debug\btsimulationislandmanagermt.obj
d:\$school\$gdp2\gamejam\$code\ocean madness\gdpphysics\x64\debug\btsimpledynamicsworld.obj
d:\$school\$gdp2\gamejam\$code\ocean madness\gdpphysics\x64\debug\btrigidbody.obj
d:\$school\$gdp2\gamejam\$code\ocean madness\gdpphysics\x64\debug\btdiscretedynamicsworldmt.obj
d:\$school\$gdp2\gamejam\$code\ocean madness\gdpphysics\x64\debug\btthreadsupportwin32.obj
d:\$school\$gdp2\gamejam\$code\ocean madness\gdpphysics\x64\debug\btthreadsupportposix.obj
d:\$school\$gdp2\gamejam\$code\ocean madness\gdpphysics\x64\debug\bttaskscheduler.obj
d:\$school\$gdp2\gamejam\$code\ocean madness\gdpphysics\x64\debug\btvector3.obj
d:\$school\$gdp2\gamejam\$code\ocean madness\gdpphysics\x64\debug\btthreads.obj
d:\$school\$gdp2\gamejam\$code\ocean madness\gdpphysics\x64\debug\btserializer64.obj
d:\$school\$gdp2\gamejam\$code\ocean madness\gdpphysics\x64\debug\btserializer.obj
d:\$school\$gdp2\gamejam\$code\ocean madness\gdpphysics\x64\debug\btreducedvector.obj
d:\$school\$gdp2\gamejam\$code\ocean madness\gdpphysics\x64\debug\btquickprof.obj
d:\$school\$gdp2\gamejam\$code\ocean madness\gdpphysics\x64\debug\btpolardecomposition.obj
d:\$school\$gdp2\gamejam\$code\ocean madness\gdpphysics\x64\debug\btgeometryutil.obj
d:\$school\$gdp2\gamejam\$code\ocean madness\gdpphysics\x64\debug\btconvexhullcomputer.obj
d:\$school\$gdp2\gamejam\$code\ocean madness\gdpphysics\x64\debug\btconvexhull.obj
d:\$school\$gdp2\gamejam\$code\ocean madness\gdpphysics\x64\debug\btalignedallocator.obj
d:\$school\$gdp2\gamejam\$code\ocean madness\gdpphysics\x64\debug\multibodytree.obj
d:\$school\$gdp2\gamejam\$code\ocean madness\gdpphysics\x64\debug\idmath.obj
d:\$school\$gdp2\gamejam\$code\ocean madness\gdpphysics\x64\debug\multibodytreeinitcache.obj
d:\$school\$gdp2\gamejam\$code\ocean madness\gdpphysics\x64\debug\multibodytreeimpl.obj
d:\$school\$gdp2\gamejam\$code\ocean madness\gdpphysics\x64\debug\btwheelinfo.obj
d:\$school\$gdp2\gamejam\$code\ocean madness\gdpphysics\x64\debug\btraycastvehicle.obj
d:\$school\$gdp2\gamejam\$code\ocean madness\gdpphysics\x64\debug\rigidbody.obj
d:\$school\$gdp2\gamejam\$code\ocean madness\gdpphysics\x64\debug\physicsworld.obj
d:\$school\$gdp2\gamejam\$code\ocean madness\gdpphysics\x64\debug\physicsfactory.obj
d:\$school\$gdp2\gamejam\$code\ocean madness\gdpphysics\x64\debug\conversion.obj
d:\$school\$gdp2\gamejam\$code\ocean madness\gdpphysics\x64\debug\cdebugdrawer.obj
d:\$school\$gdp2\gamejam\$code\ocean madness\x64\debug\gdpphysics.lib
d:\$school\$gdp2\gamejam\$code\ocean madness\gdpphysics\x64\debug\gdpphysics.tlog\cl.command.1.tlog
d:\$school\$gdp2\gamejam\$code\ocean madness\gdpphysics\x64\debug\gdpphysics.tlog\cl.read.1.tlog
d:\$school\$gdp2\gamejam\$code\ocean madness\gdpphysics\x64\debug\gdpphysics.tlog\cl.write.1.tlog
d:\$school\$gdp2\gamejam\$code\ocean madness\gdpphysics\x64\debug\gdpphysics.tlog\lib-link.read.1.tlog
d:\$school\$gdp2\gamejam\$code\ocean madness\gdpphysics\x64\debug\gdpphysics.tlog\lib-link.write.1.tlog
d:\$school\$gdp2\gamejam\$code\ocean madness\gdpphysics\x64\debug\gdpphysics.tlog\lib.command.1.tlog
