d:\$school\$gdp2\gamejam\$code\ocean madness\ocean madness\x64\release\vc142.pdb
d:\$school\$gdp2\gamejam\$code\ocean madness\ocean madness\x64\release\cmesh.obj
d:\$school\$gdp2\gamejam\$code\ocean madness\ocean madness\x64\release\cmediatorimp.obj
d:\$school\$gdp2\gamejam\$code\ocean madness\ocean madness\x64\release\cmediator.obj
d:\$school\$gdp2\gamejam\$code\ocean madness\ocean madness\x64\release\cloader.obj
d:\$school\$gdp2\gamejam\$code\ocean madness\ocean madness\x64\release\clightmanager.obj
d:\$school\$gdp2\gamejam\$code\ocean madness\ocean madness\x64\release\clighthelper.obj
d:\$school\$gdp2\gamejam\$code\ocean madness\ocean madness\x64\release\cidlestate.obj
d:\$school\$gdp2\gamejam\$code\ocean madness\ocean madness\x64\release\cgflwkeyboardmodifiers.obj
d:\$school\$gdp2\gamejam\$code\ocean madness\ocean madness\x64\release\cflycamera.obj
d:\$school\$gdp2\gamejam\$code\ocean madness\ocean madness\x64\release\cfbo.obj
d:\$school\$gdp2\gamejam\$code\ocean madness\ocean madness\x64\release\cenemymanager.obj
d:\$school\$gdp2\gamejam\$code\ocean madness\ocean madness\x64\release\cenemyboat.obj
d:\$school\$gdp2\gamejam\$code\ocean madness\ocean madness\x64\release\cbone.obj
d:\$school\$gdp2\gamejam\$code\ocean madness\ocean madness\x64\release\cboatworld.obj
d:\$school\$gdp2\gamejam\$code\ocean madness\ocean madness\x64\release\cboat.obj
d:\$school\$gdp2\gamejam\$code\ocean madness\ocean madness\x64\release\cblendstate.obj
d:\$school\$gdp2\gamejam\$code\ocean madness\ocean madness\x64\release\cassimpmodel.obj
d:\$school\$gdp2\gamejam\$code\ocean madness\ocean madness\x64\release\canimator.obj
d:\$school\$gdp2\gamejam\$code\ocean madness\ocean madness\x64\release\canimation.obj
d:\$school\$gdp2\gamejam\$code\ocean madness\ocean madness\x64\release\caimesh.obj
d:\$school\$gdp2\gamejam\$code\ocean madness\ocean madness\x64\release\untils.obj
d:\$school\$gdp2\gamejam\$code\ocean madness\ocean madness\x64\release\themain.obj
d:\$school\$gdp2\gamejam\$code\ocean madness\ocean madness\x64\release\ctexturefrombmp.obj
d:\$school\$gdp2\gamejam\$code\ocean madness\ocean madness\x64\release\cbasictexturemanager.obj
d:\$school\$gdp2\gamejam\$code\ocean madness\ocean madness\x64\release\c24bitbmppixel.obj
d:\$school\$gdp2\gamejam\$code\ocean madness\ocean madness\x64\release\startup.obj
d:\$school\$gdp2\gamejam\$code\ocean madness\ocean madness\x64\release\shutdown.obj
d:\$school\$gdp2\gamejam\$code\ocean madness\ocean madness\x64\release\load3dmodels.obj
d:\$school\$gdp2\gamejam\$code\ocean madness\ocean madness\x64\release\inputhandling.obj
d:\$school\$gdp2\gamejam\$code\ocean madness\ocean madness\x64\release\globalthings.obj
d:\$school\$gdp2\gamejam\$code\ocean madness\ocean madness\x64\release\glfw_key_callback.obj
d:\$school\$gdp2\gamejam\$code\ocean madness\ocean madness\x64\release\glfw_error_callback.obj
d:\$school\$gdp2\gamejam\$code\ocean madness\ocean madness\x64\release\drawobject_function.obj
d:\$school\$gdp2\gamejam\$code\ocean madness\ocean madness\x64\release\cweather.obj
d:\$school\$gdp2\gamejam\$code\ocean madness\ocean madness\x64\release\cvaomanager.obj
d:\$school\$gdp2\gamejam\$code\ocean madness\ocean madness\x64\release\cshadermanager.obj
d:\$school\$gdp2\gamejam\$code\ocean madness\ocean madness\x64\release\cshader.obj
d:\$school\$gdp2\gamejam\$code\ocean madness\ocean madness\x64\release\crunstate.obj
d:\$school\$gdp2\gamejam\$code\ocean madness\ocean madness\x64\release\crollstate.obj
d:\$school\$gdp2\gamejam\$code\ocean madness\ocean madness\x64\release\craindrop.obj
d:\$school\$gdp2\gamejam\$code\ocean madness\ocean madness\x64\release\glad.obj
d:\$school\$gdp2\gamejam\$code\ocean madness\x64\release\ocean madness.exe
d:\$school\$gdp2\gamejam\$code\ocean madness\ocean madness\x64\release\ocean madness.ipdb
d:\$school\$gdp2\gamejam\$code\ocean madness\ocean madness\x64\release\ocean madness.iobj
d:\$school\$gdp2\gamejam\$code\ocean madness\x64\release\ocean madness.pdb
d:\$school\$gdp2\gamejam\$code\ocean madness\ocean madness\x64\release\ocean madness.tlog\cl.command.1.tlog
d:\$school\$gdp2\gamejam\$code\ocean madness\ocean madness\x64\release\ocean madness.tlog\cl.read.1.tlog
d:\$school\$gdp2\gamejam\$code\ocean madness\ocean madness\x64\release\ocean madness.tlog\cl.write.1.tlog
d:\$school\$gdp2\gamejam\$code\ocean madness\ocean madness\x64\release\ocean madness.tlog\link.command.1.tlog
d:\$school\$gdp2\gamejam\$code\ocean madness\ocean madness\x64\release\ocean madness.tlog\link.read.1.tlog
d:\$school\$gdp2\gamejam\$code\ocean madness\ocean madness\x64\release\ocean madness.tlog\link.write.1.tlog
