d:\$school\$gdp2\gamejam\$code\ocean madness\gdpphysics\x64\release\gdpphysics.pdb
d:\$school\$gdp2\gamejam\$code\ocean madness\gdpphysics\x64\release\b3alignedallocator.sbr
d:\$school\$gdp2\gamejam\$code\ocean madness\gdpphysics\x64\release\b3logging.sbr
d:\$school\$gdp2\gamejam\$code\ocean madness\gdpphysics\x64\release\b3vector3.sbr
d:\$school\$gdp2\gamejam\$code\ocean madness\gdpphysics\x64\release\btaxissweep3.sbr
d:\$school\$gdp2\gamejam\$code\ocean madness\gdpphysics\x64\release\btbroadphaseproxy.sbr
d:\$school\$gdp2\gamejam\$code\ocean madness\gdpphysics\x64\release\btcollisionalgorithm.sbr
d:\$school\$gdp2\gamejam\$code\ocean madness\gdpphysics\x64\release\btdbvt.sbr
d:\$school\$gdp2\gamejam\$code\ocean madness\gdpphysics\x64\release\btdbvtbroadphase.sbr
d:\$school\$gdp2\gamejam\$code\ocean madness\gdpphysics\x64\release\btdispatcher.sbr
d:\$school\$gdp2\gamejam\$code\ocean madness\gdpphysics\x64\release\btoverlappingpaircache.sbr
d:\$school\$gdp2\gamejam\$code\ocean madness\gdpphysics\x64\release\btquantizedbvh.sbr
d:\$school\$gdp2\gamejam\$code\ocean madness\gdpphysics\x64\release\btsimplebroadphase.sbr
d:\$school\$gdp2\gamejam\$code\ocean madness\gdpphysics\x64\release\btactivatingcollisionalgorithm.sbr
d:\$school\$gdp2\gamejam\$code\ocean madness\gdpphysics\x64\release\btbox2dbox2dcollisionalgorithm.sbr
d:\$school\$gdp2\gamejam\$code\ocean madness\gdpphysics\x64\release\btboxboxcollisionalgorithm.sbr
d:\$school\$gdp2\gamejam\$code\ocean madness\gdpphysics\x64\release\btboxboxdetector.sbr
d:\$school\$gdp2\gamejam\$code\ocean madness\gdpphysics\x64\release\btcollisiondispatcher.sbr
d:\$school\$gdp2\gamejam\$code\ocean madness\gdpphysics\x64\release\btcollisiondispatchermt.sbr
d:\$school\$gdp2\gamejam\$code\ocean madness\gdpphysics\x64\release\btcollisionobject.sbr
d:\$school\$gdp2\gamejam\$code\ocean madness\gdpphysics\x64\release\btcollisionworld.sbr
d:\$school\$gdp2\gamejam\$code\ocean madness\gdpphysics\x64\release\btcollisionworld.obj
d:\$school\$gdp2\gamejam\$code\ocean madness\gdpphysics\x64\release\btcollisionobject.obj
d:\$school\$gdp2\gamejam\$code\ocean madness\gdpphysics\x64\release\btcollisiondispatchermt.obj
d:\$school\$gdp2\gamejam\$code\ocean madness\gdpphysics\x64\release\btcollisiondispatcher.obj
d:\$school\$gdp2\gamejam\$code\ocean madness\gdpphysics\x64\release\btboxboxdetector.obj
d:\$school\$gdp2\gamejam\$code\ocean madness\gdpphysics\x64\release\btboxboxcollisionalgorithm.obj
d:\$school\$gdp2\gamejam\$code\ocean madness\gdpphysics\x64\release\btbox2dbox2dcollisionalgorithm.obj
d:\$school\$gdp2\gamejam\$code\ocean madness\gdpphysics\x64\release\btactivatingcollisionalgorithm.obj
d:\$school\$gdp2\gamejam\$code\ocean madness\gdpphysics\x64\release\btsimplebroadphase.obj
d:\$school\$gdp2\gamejam\$code\ocean madness\gdpphysics\x64\release\btquantizedbvh.obj
d:\$school\$gdp2\gamejam\$code\ocean madness\gdpphysics\x64\release\btoverlappingpaircache.obj
d:\$school\$gdp2\gamejam\$code\ocean madness\gdpphysics\x64\release\btdispatcher.obj
d:\$school\$gdp2\gamejam\$code\ocean madness\gdpphysics\x64\release\btdbvtbroadphase.obj
d:\$school\$gdp2\gamejam\$code\ocean madness\gdpphysics\x64\release\btdbvt.obj
d:\$school\$gdp2\gamejam\$code\ocean madness\gdpphysics\x64\release\btcollisionalgorithm.obj
d:\$school\$gdp2\gamejam\$code\ocean madness\gdpphysics\x64\release\btbroadphaseproxy.obj
d:\$school\$gdp2\gamejam\$code\ocean madness\gdpphysics\x64\release\btaxissweep3.obj
d:\$school\$gdp2\gamejam\$code\ocean madness\gdpphysics\x64\release\b3vector3.obj
d:\$school\$gdp2\gamejam\$code\ocean madness\gdpphysics\x64\release\b3logging.obj
d:\$school\$gdp2\gamejam\$code\ocean madness\gdpphysics\x64\release\b3alignedallocator.obj
d:\$school\$gdp2\gamejam\$code\ocean madness\gdpphysics\x64\release\btcollisionworldimporter.sbr
d:\$school\$gdp2\gamejam\$code\ocean madness\gdpphysics\x64\release\btcompoundcollisionalgorithm.sbr
d:\$school\$gdp2\gamejam\$code\ocean madness\gdpphysics\x64\release\btcompoundcompoundcollisionalgorithm.sbr
d:\$school\$gdp2\gamejam\$code\ocean madness\gdpphysics\x64\release\btconvex2dconvex2dalgorithm.sbr
d:\$school\$gdp2\gamejam\$code\ocean madness\gdpphysics\x64\release\btconvexconcavecollisionalgorithm.sbr
d:\$school\$gdp2\gamejam\$code\ocean madness\gdpphysics\x64\release\btconvexconvexalgorithm.sbr
d:\$school\$gdp2\gamejam\$code\ocean madness\gdpphysics\x64\release\btconvexplanecollisionalgorithm.sbr
d:\$school\$gdp2\gamejam\$code\ocean madness\gdpphysics\x64\release\btdefaultcollisionconfiguration.sbr
d:\$school\$gdp2\gamejam\$code\ocean madness\gdpphysics\x64\release\btemptycollisionalgorithm.sbr
d:\$school\$gdp2\gamejam\$code\ocean madness\gdpphysics\x64\release\btghostobject.sbr
d:\$school\$gdp2\gamejam\$code\ocean madness\gdpphysics\x64\release\bthashedsimplepaircache.sbr
d:\$school\$gdp2\gamejam\$code\ocean madness\gdpphysics\x64\release\btinternaledgeutility.sbr
d:\$school\$gdp2\gamejam\$code\ocean madness\gdpphysics\x64\release\btmanifoldresult.sbr
d:\$school\$gdp2\gamejam\$code\ocean madness\gdpphysics\x64\release\btsimulationislandmanager.sbr
d:\$school\$gdp2\gamejam\$code\ocean madness\gdpphysics\x64\release\btsphereboxcollisionalgorithm.sbr
d:\$school\$gdp2\gamejam\$code\ocean madness\gdpphysics\x64\release\btspherespherecollisionalgorithm.sbr
d:\$school\$gdp2\gamejam\$code\ocean madness\gdpphysics\x64\release\btspheretrianglecollisionalgorithm.sbr
d:\$school\$gdp2\gamejam\$code\ocean madness\gdpphysics\x64\release\btunionfind.sbr
d:\$school\$gdp2\gamejam\$code\ocean madness\gdpphysics\x64\release\spheretriangledetector.sbr
d:\$school\$gdp2\gamejam\$code\ocean madness\gdpphysics\x64\release\btbox2dshape.sbr
d:\$school\$gdp2\gamejam\$code\ocean madness\gdpphysics\x64\release\btbox2dshape.obj
d:\$school\$gdp2\gamejam\$code\ocean madness\gdpphysics\x64\release\spheretriangledetector.obj
d:\$school\$gdp2\gamejam\$code\ocean madness\gdpphysics\x64\release\btunionfind.obj
d:\$school\$gdp2\gamejam\$code\ocean madness\gdpphysics\x64\release\btspheretrianglecollisionalgorithm.obj
d:\$school\$gdp2\gamejam\$code\ocean madness\gdpphysics\x64\release\btspherespherecollisionalgorithm.obj
d:\$school\$gdp2\gamejam\$code\ocean madness\gdpphysics\x64\release\btsphereboxcollisionalgorithm.obj
d:\$school\$gdp2\gamejam\$code\ocean madness\gdpphysics\x64\release\btsimulationislandmanager.obj
d:\$school\$gdp2\gamejam\$code\ocean madness\gdpphysics\x64\release\btmanifoldresult.obj
d:\$school\$gdp2\gamejam\$code\ocean madness\gdpphysics\x64\release\btinternaledgeutility.obj
d:\$school\$gdp2\gamejam\$code\ocean madness\gdpphysics\x64\release\bthashedsimplepaircache.obj
d:\$school\$gdp2\gamejam\$code\ocean madness\gdpphysics\x64\release\btghostobject.obj
d:\$school\$gdp2\gamejam\$code\ocean madness\gdpphysics\x64\release\btemptycollisionalgorithm.obj
d:\$school\$gdp2\gamejam\$code\ocean madness\gdpphysics\x64\release\btdefaultcollisionconfiguration.obj
d:\$school\$gdp2\gamejam\$code\ocean madness\gdpphysics\x64\release\btconvexplanecollisionalgorithm.obj
d:\$school\$gdp2\gamejam\$code\ocean madness\gdpphysics\x64\release\btconvexconvexalgorithm.obj
d:\$school\$gdp2\gamejam\$code\ocean madness\gdpphysics\x64\release\btconvexconcavecollisionalgorithm.obj
d:\$school\$gdp2\gamejam\$code\ocean madness\gdpphysics\x64\release\btconvex2dconvex2dalgorithm.obj
d:\$school\$gdp2\gamejam\$code\ocean madness\gdpphysics\x64\release\btcompoundcompoundcollisionalgorithm.obj
d:\$school\$gdp2\gamejam\$code\ocean madness\gdpphysics\x64\release\btcompoundcollisionalgorithm.obj
d:\$school\$gdp2\gamejam\$code\ocean madness\gdpphysics\x64\release\btcollisionworldimporter.obj
d:\$school\$gdp2\gamejam\$code\ocean madness\gdpphysics\x64\release\btboxshape.sbr
d:\$school\$gdp2\gamejam\$code\ocean madness\gdpphysics\x64\release\btbvhtrianglemeshshape.sbr
d:\$school\$gdp2\gamejam\$code\ocean madness\gdpphysics\x64\release\btcapsuleshape.sbr
d:\$school\$gdp2\gamejam\$code\ocean madness\gdpphysics\x64\release\btcollisionshape.sbr
d:\$school\$gdp2\gamejam\$code\ocean madness\gdpphysics\x64\release\btcompoundshape.sbr
d:\$school\$gdp2\gamejam\$code\ocean madness\gdpphysics\x64\release\btconcaveshape.sbr
d:\$school\$gdp2\gamejam\$code\ocean madness\gdpphysics\x64\release\btconeshape.sbr
d:\$school\$gdp2\gamejam\$code\ocean madness\gdpphysics\x64\release\btconvex2dshape.sbr
d:\$school\$gdp2\gamejam\$code\ocean madness\gdpphysics\x64\release\btconvexhullshape.sbr
d:\$school\$gdp2\gamejam\$code\ocean madness\gdpphysics\x64\release\btconvexinternalshape.sbr
d:\$school\$gdp2\gamejam\$code\ocean madness\gdpphysics\x64\release\btconvexpointcloudshape.sbr
d:\$school\$gdp2\gamejam\$code\ocean madness\gdpphysics\x64\release\btconvexpolyhedron.sbr
d:\$school\$gdp2\gamejam\$code\ocean madness\gdpphysics\x64\release\btconvexshape.sbr
d:\$school\$gdp2\gamejam\$code\ocean madness\gdpphysics\x64\release\btconvextrianglemeshshape.sbr
d:\$school\$gdp2\gamejam\$code\ocean madness\gdpphysics\x64\release\btcylindershape.sbr
d:\$school\$gdp2\gamejam\$code\ocean madness\gdpphysics\x64\release\btemptyshape.sbr
d:\$school\$gdp2\gamejam\$code\ocean madness\gdpphysics\x64\release\btheightfieldterrainshape.sbr
d:\$school\$gdp2\gamejam\$code\ocean madness\gdpphysics\x64\release\btminisdf.sbr
d:\$school\$gdp2\gamejam\$code\ocean madness\gdpphysics\x64\release\btminkowskisumshape.sbr
d:\$school\$gdp2\gamejam\$code\ocean madness\gdpphysics\x64\release\btmultimaterialtrianglemeshshape.sbr
d:\$school\$gdp2\gamejam\$code\ocean madness\gdpphysics\x64\release\btmultimaterialtrianglemeshshape.obj
d:\$school\$gdp2\gamejam\$code\ocean madness\gdpphysics\x64\release\btminkowskisumshape.obj
d:\$school\$gdp2\gamejam\$code\ocean madness\gdpphysics\x64\release\btminisdf.obj
d:\$school\$gdp2\gamejam\$code\ocean madness\gdpphysics\x64\release\btheightfieldterrainshape.obj
d:\$school\$gdp2\gamejam\$code\ocean madness\gdpphysics\x64\release\btemptyshape.obj
d:\$school\$gdp2\gamejam\$code\ocean madness\gdpphysics\x64\release\btcylindershape.obj
d:\$school\$gdp2\gamejam\$code\ocean madness\gdpphysics\x64\release\btconvextrianglemeshshape.obj
d:\$school\$gdp2\gamejam\$code\ocean madness\gdpphysics\x64\release\btconvexshape.obj
d:\$school\$gdp2\gamejam\$code\ocean madness\gdpphysics\x64\release\btconvexpolyhedron.obj
d:\$school\$gdp2\gamejam\$code\ocean madness\gdpphysics\x64\release\btconvexpointcloudshape.obj
d:\$school\$gdp2\gamejam\$code\ocean madness\gdpphysics\x64\release\btconvexinternalshape.obj
d:\$school\$gdp2\gamejam\$code\ocean madness\gdpphysics\x64\release\btconvexhullshape.obj
d:\$school\$gdp2\gamejam\$code\ocean madness\gdpphysics\x64\release\btconvex2dshape.obj
d:\$school\$gdp2\gamejam\$code\ocean madness\gdpphysics\x64\release\btconeshape.obj
d:\$school\$gdp2\gamejam\$code\ocean madness\gdpphysics\x64\release\btconcaveshape.obj
d:\$school\$gdp2\gamejam\$code\ocean madness\gdpphysics\x64\release\btcompoundshape.obj
d:\$school\$gdp2\gamejam\$code\ocean madness\gdpphysics\x64\release\btcollisionshape.obj
d:\$school\$gdp2\gamejam\$code\ocean madness\gdpphysics\x64\release\btcapsuleshape.obj
d:\$school\$gdp2\gamejam\$code\ocean madness\gdpphysics\x64\release\btbvhtrianglemeshshape.obj
d:\$school\$gdp2\gamejam\$code\ocean madness\gdpphysics\x64\release\btboxshape.obj
d:\$school\$gdp2\gamejam\$code\ocean madness\gdpphysics\x64\release\btmultisphereshape.sbr
d:\$school\$gdp2\gamejam\$code\ocean madness\gdpphysics\x64\release\btoptimizedbvh.sbr
d:\$school\$gdp2\gamejam\$code\ocean madness\gdpphysics\x64\release\btpolyhedralconvexshape.sbr
d:\$school\$gdp2\gamejam\$code\ocean madness\gdpphysics\x64\release\btscaledbvhtrianglemeshshape.sbr
d:\$school\$gdp2\gamejam\$code\ocean madness\gdpphysics\x64\release\btsdfcollisionshape.sbr
d:\$school\$gdp2\gamejam\$code\ocean madness\gdpphysics\x64\release\btshapehull.sbr
d:\$school\$gdp2\gamejam\$code\ocean madness\gdpphysics\x64\release\btsphereshape.sbr
d:\$school\$gdp2\gamejam\$code\ocean madness\gdpphysics\x64\release\btstaticplaneshape.sbr
d:\$school\$gdp2\gamejam\$code\ocean madness\gdpphysics\x64\release\btstridingmeshinterface.sbr
d:\$school\$gdp2\gamejam\$code\ocean madness\gdpphysics\x64\release\bttetrahedronshape.sbr
d:\$school\$gdp2\gamejam\$code\ocean madness\gdpphysics\x64\release\bttrianglebuffer.sbr
d:\$school\$gdp2\gamejam\$code\ocean madness\gdpphysics\x64\release\bttrianglecallback.sbr
d:\$school\$gdp2\gamejam\$code\ocean madness\gdpphysics\x64\release\bttriangleindexvertexarray.sbr
d:\$school\$gdp2\gamejam\$code\ocean madness\gdpphysics\x64\release\bttriangleindexvertexmaterialarray.sbr
d:\$school\$gdp2\gamejam\$code\ocean madness\gdpphysics\x64\release\bttrianglemesh.sbr
d:\$school\$gdp2\gamejam\$code\ocean madness\gdpphysics\x64\release\bttrianglemeshshape.sbr
d:\$school\$gdp2\gamejam\$code\ocean madness\gdpphysics\x64\release\btuniformscalingshape.sbr
d:\$school\$gdp2\gamejam\$code\ocean madness\gdpphysics\x64\release\btcontactprocessing.sbr
d:\$school\$gdp2\gamejam\$code\ocean madness\gdpphysics\x64\release\btgenericpoolallocator.sbr
d:\$school\$gdp2\gamejam\$code\ocean madness\gdpphysics\x64\release\btgimpactbvh.sbr
d:\$school\$gdp2\gamejam\$code\ocean madness\gdpphysics\x64\release\btgimpactbvh.obj
d:\$school\$gdp2\gamejam\$code\ocean madness\gdpphysics\x64\release\btgenericpoolallocator.obj
d:\$school\$gdp2\gamejam\$code\ocean madness\gdpphysics\x64\release\btcontactprocessing.obj
d:\$school\$gdp2\gamejam\$code\ocean madness\gdpphysics\x64\release\btuniformscalingshape.obj
d:\$school\$gdp2\gamejam\$code\ocean madness\gdpphysics\x64\release\bttrianglemeshshape.obj
d:\$school\$gdp2\gamejam\$code\ocean madness\gdpphysics\x64\release\bttrianglemesh.obj
d:\$school\$gdp2\gamejam\$code\ocean madness\gdpphysics\x64\release\bttriangleindexvertexmaterialarray.obj
d:\$school\$gdp2\gamejam\$code\ocean madness\gdpphysics\x64\release\bttriangleindexvertexarray.obj
d:\$school\$gdp2\gamejam\$code\ocean madness\gdpphysics\x64\release\bttrianglecallback.obj
d:\$school\$gdp2\gamejam\$code\ocean madness\gdpphysics\x64\release\bttrianglebuffer.obj
d:\$school\$gdp2\gamejam\$code\ocean madness\gdpphysics\x64\release\bttetrahedronshape.obj
d:\$school\$gdp2\gamejam\$code\ocean madness\gdpphysics\x64\release\btstridingmeshinterface.obj
d:\$school\$gdp2\gamejam\$code\ocean madness\gdpphysics\x64\release\btstaticplaneshape.obj
d:\$school\$gdp2\gamejam\$code\ocean madness\gdpphysics\x64\release\btsphereshape.obj
d:\$school\$gdp2\gamejam\$code\ocean madness\gdpphysics\x64\release\btshapehull.obj
d:\$school\$gdp2\gamejam\$code\ocean madness\gdpphysics\x64\release\btsdfcollisionshape.obj
d:\$school\$gdp2\gamejam\$code\ocean madness\gdpphysics\x64\release\btscaledbvhtrianglemeshshape.obj
d:\$school\$gdp2\gamejam\$code\ocean madness\gdpphysics\x64\release\btpolyhedralconvexshape.obj
d:\$school\$gdp2\gamejam\$code\ocean madness\gdpphysics\x64\release\btoptimizedbvh.obj
d:\$school\$gdp2\gamejam\$code\ocean madness\gdpphysics\x64\release\btmultisphereshape.obj
d:\$school\$gdp2\gamejam\$code\ocean madness\gdpphysics\x64\release\btgimpactcollisionalgorithm.sbr
d:\$school\$gdp2\gamejam\$code\ocean madness\gdpphysics\x64\release\btgimpactquantizedbvh.sbr
d:\$school\$gdp2\gamejam\$code\ocean madness\gdpphysics\x64\release\btgimpactshape.sbr
d:\$school\$gdp2\gamejam\$code\ocean madness\gdpphysics\x64\release\bttriangleshapeex.sbr
d:\$school\$gdp2\gamejam\$code\ocean madness\gdpphysics\x64\release\gim_box_set.sbr
d:\$school\$gdp2\gamejam\$code\ocean madness\gdpphysics\x64\release\gim_contact.sbr
d:\$school\$gdp2\gamejam\$code\ocean madness\gdpphysics\x64\release\gim_memory.sbr
d:\$school\$gdp2\gamejam\$code\ocean madness\gdpphysics\x64\release\gim_tri_collision.sbr
d:\$school\$gdp2\gamejam\$code\ocean madness\gdpphysics\x64\release\btcontinuousconvexcollision.sbr
d:\$school\$gdp2\gamejam\$code\ocean madness\gdpphysics\x64\release\btconvexcast.sbr
d:\$school\$gdp2\gamejam\$code\ocean madness\gdpphysics\x64\release\btgjkconvexcast.sbr
d:\$school\$gdp2\gamejam\$code\ocean madness\gdpphysics\x64\release\btgjkepa2.sbr
d:\$school\$gdp2\gamejam\$code\ocean madness\gdpphysics\x64\release\btgjkepapenetrationdepthsolver.sbr
d:\$school\$gdp2\gamejam\$code\ocean madness\gdpphysics\x64\release\btgjkpairdetector.sbr
d:\$school\$gdp2\gamejam\$code\ocean madness\gdpphysics\x64\release\btminkowskipenetrationdepthsolver.sbr
d:\$school\$gdp2\gamejam\$code\ocean madness\gdpphysics\x64\release\btpersistentmanifold.sbr
d:\$school\$gdp2\gamejam\$code\ocean madness\gdpphysics\x64\release\btpolyhedralcontactclipping.sbr
d:\$school\$gdp2\gamejam\$code\ocean madness\gdpphysics\x64\release\btraycastcallback.sbr
d:\$school\$gdp2\gamejam\$code\ocean madness\gdpphysics\x64\release\btsubsimplexconvexcast.sbr
d:\$school\$gdp2\gamejam\$code\ocean madness\gdpphysics\x64\release\btvoronoisimplexsolver.sbr
d:\$school\$gdp2\gamejam\$code\ocean madness\gdpphysics\x64\release\btvoronoisimplexsolver.obj
d:\$school\$gdp2\gamejam\$code\ocean madness\gdpphysics\x64\release\btsubsimplexconvexcast.obj
d:\$school\$gdp2\gamejam\$code\ocean madness\gdpphysics\x64\release\btraycastcallback.obj
d:\$school\$gdp2\gamejam\$code\ocean madness\gdpphysics\x64\release\btpolyhedralcontactclipping.obj
d:\$school\$gdp2\gamejam\$code\ocean madness\gdpphysics\x64\release\btpersistentmanifold.obj
d:\$school\$gdp2\gamejam\$code\ocean madness\gdpphysics\x64\release\btminkowskipenetrationdepthsolver.obj
d:\$school\$gdp2\gamejam\$code\ocean madness\gdpphysics\x64\release\btgjkpairdetector.obj
d:\$school\$gdp2\gamejam\$code\ocean madness\gdpphysics\x64\release\btgjkepapenetrationdepthsolver.obj
d:\$school\$gdp2\gamejam\$code\ocean madness\gdpphysics\x64\release\btgjkepa2.obj
d:\$school\$gdp2\gamejam\$code\ocean madness\gdpphysics\x64\release\btgjkconvexcast.obj
d:\$school\$gdp2\gamejam\$code\ocean madness\gdpphysics\x64\release\btconvexcast.obj
d:\$school\$gdp2\gamejam\$code\ocean madness\gdpphysics\x64\release\btcontinuousconvexcollision.obj
d:\$school\$gdp2\gamejam\$code\ocean madness\gdpphysics\x64\release\gim_tri_collision.obj
d:\$school\$gdp2\gamejam\$code\ocean madness\gdpphysics\x64\release\gim_memory.obj
d:\$school\$gdp2\gamejam\$code\ocean madness\gdpphysics\x64\release\gim_contact.obj
d:\$school\$gdp2\gamejam\$code\ocean madness\gdpphysics\x64\release\gim_box_set.obj
d:\$school\$gdp2\gamejam\$code\ocean madness\gdpphysics\x64\release\bttriangleshapeex.obj
d:\$school\$gdp2\gamejam\$code\ocean madness\gdpphysics\x64\release\btgimpactshape.obj
d:\$school\$gdp2\gamejam\$code\ocean madness\gdpphysics\x64\release\btgimpactquantizedbvh.obj
d:\$school\$gdp2\gamejam\$code\ocean madness\gdpphysics\x64\release\btgimpactcollisionalgorithm.obj
d:\$school\$gdp2\gamejam\$code\ocean madness\gdpphysics\x64\release\btkinematiccharactercontroller.sbr
d:\$school\$gdp2\gamejam\$code\ocean madness\gdpphysics\x64\release\btbatchedconstraints.sbr
d:\$school\$gdp2\gamejam\$code\ocean madness\gdpphysics\x64\release\btconetwistconstraint.sbr
d:\$school\$gdp2\gamejam\$code\ocean madness\gdpphysics\x64\release\btcontactconstraint.sbr
d:\$school\$gdp2\gamejam\$code\ocean madness\gdpphysics\x64\release\btfixedconstraint.sbr
d:\$school\$gdp2\gamejam\$code\ocean madness\gdpphysics\x64\release\btgearconstraint.sbr
d:\$school\$gdp2\gamejam\$code\ocean madness\gdpphysics\x64\release\btgeneric6dofconstraint.sbr
d:\$school\$gdp2\gamejam\$code\ocean madness\gdpphysics\x64\release\btgeneric6dofspring2constraint.sbr
d:\$school\$gdp2\gamejam\$code\ocean madness\gdpphysics\x64\release\btgeneric6dofspringconstraint.sbr
d:\$school\$gdp2\gamejam\$code\ocean madness\gdpphysics\x64\release\bthinge2constraint.sbr
d:\$school\$gdp2\gamejam\$code\ocean madness\gdpphysics\x64\release\bthingeconstraint.sbr
d:\$school\$gdp2\gamejam\$code\ocean madness\gdpphysics\x64\release\btnncgconstraintsolver.sbr
d:\$school\$gdp2\gamejam\$code\ocean madness\gdpphysics\x64\release\btpoint2pointconstraint.sbr
d:\$school\$gdp2\gamejam\$code\ocean madness\gdpphysics\x64\release\btsequentialimpulseconstraintsolver.sbr
d:\$school\$gdp2\gamejam\$code\ocean madness\gdpphysics\x64\release\btsequentialimpulseconstraintsolvermt.sbr
d:\$school\$gdp2\gamejam\$code\ocean madness\gdpphysics\x64\release\btsliderconstraint.sbr
d:\$school\$gdp2\gamejam\$code\ocean madness\gdpphysics\x64\release\btsolve2linearconstraint.sbr
d:\$school\$gdp2\gamejam\$code\ocean madness\gdpphysics\x64\release\bttypedconstraint.sbr
d:\$school\$gdp2\gamejam\$code\ocean madness\gdpphysics\x64\release\btuniversalconstraint.sbr
d:\$school\$gdp2\gamejam\$code\ocean madness\gdpphysics\x64\release\btdiscretedynamicsworld.sbr
d:\$school\$gdp2\gamejam\$code\ocean madness\gdpphysics\x64\release\btdiscretedynamicsworld.obj
d:\$school\$gdp2\gamejam\$code\ocean madness\gdpphysics\x64\release\btuniversalconstraint.obj
d:\$school\$gdp2\gamejam\$code\ocean madness\gdpphysics\x64\release\bttypedconstraint.obj
d:\$school\$gdp2\gamejam\$code\ocean madness\gdpphysics\x64\release\btsolve2linearconstraint.obj
d:\$school\$gdp2\gamejam\$code\ocean madness\gdpphysics\x64\release\btsliderconstraint.obj
d:\$school\$gdp2\gamejam\$code\ocean madness\gdpphysics\x64\release\btsequentialimpulseconstraintsolvermt.obj
d:\$school\$gdp2\gamejam\$code\ocean madness\gdpphysics\x64\release\btsequentialimpulseconstraintsolver.obj
d:\$school\$gdp2\gamejam\$code\ocean madness\gdpphysics\x64\release\btpoint2pointconstraint.obj
d:\$school\$gdp2\gamejam\$code\ocean madness\gdpphysics\x64\release\btnncgconstraintsolver.obj
d:\$school\$gdp2\gamejam\$code\ocean madness\gdpphysics\x64\release\bthingeconstraint.obj
d:\$school\$gdp2\gamejam\$code\ocean madness\gdpphysics\x64\release\bthinge2constraint.obj
d:\$school\$gdp2\gamejam\$code\ocean madness\gdpphysics\x64\release\btgeneric6dofspringconstraint.obj
d:\$school\$gdp2\gamejam\$code\ocean madness\gdpphysics\x64\release\btgeneric6dofspring2constraint.obj
d:\$school\$gdp2\gamejam\$code\ocean madness\gdpphysics\x64\release\btgeneric6dofconstraint.obj
d:\$school\$gdp2\gamejam\$code\ocean madness\gdpphysics\x64\release\btgearconstraint.obj
d:\$school\$gdp2\gamejam\$code\ocean madness\gdpphysics\x64\release\btfixedconstraint.obj
d:\$school\$gdp2\gamejam\$code\ocean madness\gdpphysics\x64\release\btcontactconstraint.obj
d:\$school\$gdp2\gamejam\$code\ocean madness\gdpphysics\x64\release\btconetwistconstraint.obj
d:\$school\$gdp2\gamejam\$code\ocean madness\gdpphysics\x64\release\btbatchedconstraints.obj
d:\$school\$gdp2\gamejam\$code\ocean madness\gdpphysics\x64\release\btkinematiccharactercontroller.obj
d:\$school\$gdp2\gamejam\$code\ocean madness\gdpphysics\x64\release\btdiscretedynamicsworldmt.sbr
d:\$school\$gdp2\gamejam\$code\ocean madness\gdpphysics\x64\release\btrigidbody.sbr
d:\$school\$gdp2\gamejam\$code\ocean madness\gdpphysics\x64\release\btsimpledynamicsworld.sbr
d:\$school\$gdp2\gamejam\$code\ocean madness\gdpphysics\x64\release\btsimulationislandmanagermt.sbr
d:\$school\$gdp2\gamejam\$code\ocean madness\gdpphysics\x64\release\btmultibody.sbr
d:\$school\$gdp2\gamejam\$code\ocean madness\gdpphysics\x64\release\btmultibodyconstraint.sbr
d:\$school\$gdp2\gamejam\$code\ocean madness\gdpphysics\x64\release\btmultibodyconstraintsolver.sbr
d:\$school\$gdp2\gamejam\$code\ocean madness\gdpphysics\x64\release\btmultibodydynamicsworld.sbr
d:\$school\$gdp2\gamejam\$code\ocean madness\gdpphysics\x64\release\btmultibodyfixedconstraint.sbr
d:\$school\$gdp2\gamejam\$code\ocean madness\gdpphysics\x64\release\btmultibodygearconstraint.sbr
d:\$school\$gdp2\gamejam\$code\ocean madness\gdpphysics\x64\release\btmultibodyjointlimitconstraint.sbr
d:\$school\$gdp2\gamejam\$code\ocean madness\gdpphysics\x64\release\btmultibodyjointmotor.sbr
d:\$school\$gdp2\gamejam\$code\ocean madness\gdpphysics\x64\release\btmultibodymlcpconstraintsolver.sbr
d:\$school\$gdp2\gamejam\$code\ocean madness\gdpphysics\x64\release\btmultibodypoint2point.sbr
d:\$school\$gdp2\gamejam\$code\ocean madness\gdpphysics\x64\release\btmultibodysliderconstraint.sbr
d:\$school\$gdp2\gamejam\$code\ocean madness\gdpphysics\x64\release\btmultibodysphericaljointlimit.sbr
d:\$school\$gdp2\gamejam\$code\ocean madness\gdpphysics\x64\release\btmultibodysphericaljointmotor.sbr
d:\$school\$gdp2\gamejam\$code\ocean madness\gdpphysics\x64\release\btdantziglcp.sbr
d:\$school\$gdp2\gamejam\$code\ocean madness\gdpphysics\x64\release\btlemkealgorithm.sbr
d:\$school\$gdp2\gamejam\$code\ocean madness\gdpphysics\x64\release\btmlcpsolver.sbr
d:\$school\$gdp2\gamejam\$code\ocean madness\gdpphysics\x64\release\btmlcpsolver.obj
d:\$school\$gdp2\gamejam\$code\ocean madness\gdpphysics\x64\release\btlemkealgorithm.obj
d:\$school\$gdp2\gamejam\$code\ocean madness\gdpphysics\x64\release\btdantziglcp.obj
d:\$school\$gdp2\gamejam\$code\ocean madness\gdpphysics\x64\release\btmultibodysphericaljointmotor.obj
d:\$school\$gdp2\gamejam\$code\ocean madness\gdpphysics\x64\release\btmultibodysphericaljointlimit.obj
d:\$school\$gdp2\gamejam\$code\ocean madness\gdpphysics\x64\release\btmultibodysliderconstraint.obj
d:\$school\$gdp2\gamejam\$code\ocean madness\gdpphysics\x64\release\btmultibodypoint2point.obj
d:\$school\$gdp2\gamejam\$code\ocean madness\gdpphysics\x64\release\btmultibodymlcpconstraintsolver.obj
d:\$school\$gdp2\gamejam\$code\ocean madness\gdpphysics\x64\release\btmultibodyjointmotor.obj
d:\$school\$gdp2\gamejam\$code\ocean madness\gdpphysics\x64\release\btmultibodyjointlimitconstraint.obj
d:\$school\$gdp2\gamejam\$code\ocean madness\gdpphysics\x64\release\btmultibodygearconstraint.obj
d:\$school\$gdp2\gamejam\$code\ocean madness\gdpphysics\x64\release\btmultibodyfixedconstraint.obj
d:\$school\$gdp2\gamejam\$code\ocean madness\gdpphysics\x64\release\btmultibodydynamicsworld.obj
d:\$school\$gdp2\gamejam\$code\ocean madness\gdpphysics\x64\release\btmultibodyconstraintsolver.obj
d:\$school\$gdp2\gamejam\$code\ocean madness\gdpphysics\x64\release\btmultibodyconstraint.obj
d:\$school\$gdp2\gamejam\$code\ocean madness\gdpphysics\x64\release\btmultibody.obj
d:\$school\$gdp2\gamejam\$code\ocean madness\gdpphysics\x64\release\btsimulationislandmanagermt.obj
d:\$school\$gdp2\gamejam\$code\ocean madness\gdpphysics\x64\release\btsimpledynamicsworld.obj
d:\$school\$gdp2\gamejam\$code\ocean madness\gdpphysics\x64\release\btrigidbody.obj
d:\$school\$gdp2\gamejam\$code\ocean madness\gdpphysics\x64\release\btdiscretedynamicsworldmt.obj
d:\$school\$gdp2\gamejam\$code\ocean madness\gdpphysics\x64\release\btraycastvehicle.sbr
d:\$school\$gdp2\gamejam\$code\ocean madness\gdpphysics\x64\release\btwheelinfo.sbr
d:\$school\$gdp2\gamejam\$code\ocean madness\gdpphysics\x64\release\multibodytreeimpl.sbr
d:\$school\$gdp2\gamejam\$code\ocean madness\gdpphysics\x64\release\multibodytreeinitcache.sbr
d:\$school\$gdp2\gamejam\$code\ocean madness\gdpphysics\x64\release\idmath.sbr
d:\$school\$gdp2\gamejam\$code\ocean madness\gdpphysics\x64\release\multibodytree.sbr
d:\$school\$gdp2\gamejam\$code\ocean madness\gdpphysics\x64\release\btalignedallocator.sbr
d:\$school\$gdp2\gamejam\$code\ocean madness\gdpphysics\x64\release\btconvexhull.sbr
d:\$school\$gdp2\gamejam\$code\ocean madness\gdpphysics\x64\release\btconvexhullcomputer.sbr
d:\$school\$gdp2\gamejam\$code\ocean madness\gdpphysics\x64\release\btgeometryutil.sbr
d:\$school\$gdp2\gamejam\$code\ocean madness\gdpphysics\x64\release\btpolardecomposition.sbr
d:\$school\$gdp2\gamejam\$code\ocean madness\gdpphysics\x64\release\btquickprof.sbr
d:\$school\$gdp2\gamejam\$code\ocean madness\gdpphysics\x64\release\btreducedvector.sbr
d:\$school\$gdp2\gamejam\$code\ocean madness\gdpphysics\x64\release\btserializer.sbr
d:\$school\$gdp2\gamejam\$code\ocean madness\gdpphysics\x64\release\btserializer64.sbr
d:\$school\$gdp2\gamejam\$code\ocean madness\gdpphysics\x64\release\btthreads.sbr
d:\$school\$gdp2\gamejam\$code\ocean madness\gdpphysics\x64\release\btvector3.sbr
d:\$school\$gdp2\gamejam\$code\ocean madness\gdpphysics\x64\release\bttaskscheduler.sbr
d:\$school\$gdp2\gamejam\$code\ocean madness\gdpphysics\x64\release\btthreadsupportposix.sbr
d:\$school\$gdp2\gamejam\$code\ocean madness\gdpphysics\x64\release\btthreadsupportwin32.sbr
d:\$school\$gdp2\gamejam\$code\ocean madness\gdpphysics\x64\release\btthreadsupportwin32.obj
d:\$school\$gdp2\gamejam\$code\ocean madness\gdpphysics\x64\release\btthreadsupportposix.obj
d:\$school\$gdp2\gamejam\$code\ocean madness\gdpphysics\x64\release\bttaskscheduler.obj
d:\$school\$gdp2\gamejam\$code\ocean madness\gdpphysics\x64\release\btvector3.obj
d:\$school\$gdp2\gamejam\$code\ocean madness\gdpphysics\x64\release\btthreads.obj
d:\$school\$gdp2\gamejam\$code\ocean madness\gdpphysics\x64\release\btserializer64.obj
d:\$school\$gdp2\gamejam\$code\ocean madness\gdpphysics\x64\release\btserializer.obj
d:\$school\$gdp2\gamejam\$code\ocean madness\gdpphysics\x64\release\btreducedvector.obj
d:\$school\$gdp2\gamejam\$code\ocean madness\gdpphysics\x64\release\btquickprof.obj
d:\$school\$gdp2\gamejam\$code\ocean madness\gdpphysics\x64\release\btpolardecomposition.obj
d:\$school\$gdp2\gamejam\$code\ocean madness\gdpphysics\x64\release\btgeometryutil.obj
d:\$school\$gdp2\gamejam\$code\ocean madness\gdpphysics\x64\release\btconvexhullcomputer.obj
d:\$school\$gdp2\gamejam\$code\ocean madness\gdpphysics\x64\release\btconvexhull.obj
d:\$school\$gdp2\gamejam\$code\ocean madness\gdpphysics\x64\release\btalignedallocator.obj
d:\$school\$gdp2\gamejam\$code\ocean madness\gdpphysics\x64\release\multibodytree.obj
d:\$school\$gdp2\gamejam\$code\ocean madness\gdpphysics\x64\release\idmath.obj
d:\$school\$gdp2\gamejam\$code\ocean madness\gdpphysics\x64\release\multibodytreeinitcache.obj
d:\$school\$gdp2\gamejam\$code\ocean madness\gdpphysics\x64\release\multibodytreeimpl.obj
d:\$school\$gdp2\gamejam\$code\ocean madness\gdpphysics\x64\release\btwheelinfo.obj
d:\$school\$gdp2\gamejam\$code\ocean madness\gdpphysics\x64\release\btraycastvehicle.obj
d:\$school\$gdp2\gamejam\$code\ocean madness\gdpphysics\x64\release\cdebugdrawer.sbr
d:\$school\$gdp2\gamejam\$code\ocean madness\gdpphysics\x64\release\conversion.sbr
d:\$school\$gdp2\gamejam\$code\ocean madness\gdpphysics\x64\release\physicsfactory.sbr
d:\$school\$gdp2\gamejam\$code\ocean madness\gdpphysics\x64\release\physicsworld.sbr
d:\$school\$gdp2\gamejam\$code\ocean madness\gdpphysics\x64\release\rigidbody.sbr
d:\$school\$gdp2\gamejam\$code\ocean madness\gdpphysics\x64\release\rigidbody.obj
d:\$school\$gdp2\gamejam\$code\ocean madness\gdpphysics\x64\release\physicsworld.obj
d:\$school\$gdp2\gamejam\$code\ocean madness\gdpphysics\x64\release\physicsfactory.obj
d:\$school\$gdp2\gamejam\$code\ocean madness\gdpphysics\x64\release\conversion.obj
d:\$school\$gdp2\gamejam\$code\ocean madness\gdpphysics\x64\release\cdebugdrawer.obj
d:\$school\$gdp2\gamejam\$code\ocean madness\x64\release\gdpphysics.lib
d:\$school\$gdp2\gamejam\$code\ocean madness\x64\release\gdpphysics.bsc
d:\$school\$gdp2\gamejam\$code\ocean madness\gdpphysics\x64\release\gdpphysics.tlog\bscmake.command.1.tlog
d:\$school\$gdp2\gamejam\$code\ocean madness\gdpphysics\x64\release\gdpphysics.tlog\bscmake.read.1.tlog
d:\$school\$gdp2\gamejam\$code\ocean madness\gdpphysics\x64\release\gdpphysics.tlog\cl.command.1.tlog
d:\$school\$gdp2\gamejam\$code\ocean madness\gdpphysics\x64\release\gdpphysics.tlog\cl.read.1.tlog
d:\$school\$gdp2\gamejam\$code\ocean madness\gdpphysics\x64\release\gdpphysics.tlog\cl.write.1.tlog
d:\$school\$gdp2\gamejam\$code\ocean madness\gdpphysics\x64\release\gdpphysics.tlog\lib-link.read.1.tlog
d:\$school\$gdp2\gamejam\$code\ocean madness\gdpphysics\x64\release\gdpphysics.tlog\lib-link.write.1.tlog
d:\$school\$gdp2\gamejam\$code\ocean madness\gdpphysics\x64\release\gdpphysics.tlog\lib.command.1.tlog
