d:\$school\$gdp2\gamejam\$code\ocean madness\ocean madness\x64\debug\vc142.pdb
d:\$school\$gdp2\gamejam\$code\ocean madness\ocean madness\x64\debug\vc142.idb
d:\$school\$gdp2\gamejam\$code\ocean madness\ocean madness\x64\debug\cmesh.obj
d:\$school\$gdp2\gamejam\$code\ocean madness\ocean madness\x64\debug\cmediatorimp.obj
d:\$school\$gdp2\gamejam\$code\ocean madness\ocean madness\x64\debug\cmediator.obj
d:\$school\$gdp2\gamejam\$code\ocean madness\ocean madness\x64\debug\cloader.obj
d:\$school\$gdp2\gamejam\$code\ocean madness\ocean madness\x64\debug\clightmanager.obj
d:\$school\$gdp2\gamejam\$code\ocean madness\ocean madness\x64\debug\clighthelper.obj
d:\$school\$gdp2\gamejam\$code\ocean madness\ocean madness\x64\debug\cidlestate.obj
d:\$school\$gdp2\gamejam\$code\ocean madness\ocean madness\x64\debug\cgflwkeyboardmodifiers.obj
d:\$school\$gdp2\gamejam\$code\ocean madness\ocean madness\x64\debug\cflycamera.obj
d:\$school\$gdp2\gamejam\$code\ocean madness\ocean madness\x64\debug\cfbo.obj
d:\$school\$gdp2\gamejam\$code\ocean madness\ocean madness\x64\debug\cenemymanager.obj
d:\$school\$gdp2\gamejam\$code\ocean madness\ocean madness\x64\debug\cenemyboat.obj
d:\$school\$gdp2\gamejam\$code\ocean madness\ocean madness\x64\debug\cbone.obj
d:\$school\$gdp2\gamejam\$code\ocean madness\ocean madness\x64\debug\cboatworld.obj
d:\$school\$gdp2\gamejam\$code\ocean madness\ocean madness\x64\debug\cboat.obj
d:\$school\$gdp2\gamejam\$code\ocean madness\ocean madness\x64\debug\cblendstate.obj
d:\$school\$gdp2\gamejam\$code\ocean madness\ocean madness\x64\debug\cassimpmodel.obj
d:\$school\$gdp2\gamejam\$code\ocean madness\ocean madness\x64\debug\canimator.obj
d:\$school\$gdp2\gamejam\$code\ocean madness\ocean madness\x64\debug\canimation.obj
d:\$school\$gdp2\gamejam\$code\ocean madness\ocean madness\x64\debug\caimesh.obj
d:\$school\$gdp2\gamejam\$code\ocean madness\ocean madness\x64\debug\untils.obj
d:\$school\$gdp2\gamejam\$code\ocean madness\ocean madness\x64\debug\themain.obj
d:\$school\$gdp2\gamejam\$code\ocean madness\ocean madness\x64\debug\ctexturefrombmp.obj
d:\$school\$gdp2\gamejam\$code\ocean madness\ocean madness\x64\debug\cbasictexturemanager.obj
d:\$school\$gdp2\gamejam\$code\ocean madness\ocean madness\x64\debug\c24bitbmppixel.obj
d:\$school\$gdp2\gamejam\$code\ocean madness\ocean madness\x64\debug\startup.obj
d:\$school\$gdp2\gamejam\$code\ocean madness\ocean madness\x64\debug\shutdown.obj
d:\$school\$gdp2\gamejam\$code\ocean madness\ocean madness\x64\debug\load3dmodels.obj
d:\$school\$gdp2\gamejam\$code\ocean madness\ocean madness\x64\debug\inputhandling.obj
d:\$school\$gdp2\gamejam\$code\ocean madness\ocean madness\x64\debug\globalthings.obj
d:\$school\$gdp2\gamejam\$code\ocean madness\ocean madness\x64\debug\glfw_key_callback.obj
d:\$school\$gdp2\gamejam\$code\ocean madness\ocean madness\x64\debug\glfw_error_callback.obj
d:\$school\$gdp2\gamejam\$code\ocean madness\ocean madness\x64\debug\drawobject_function.obj
d:\$school\$gdp2\gamejam\$code\ocean madness\ocean madness\x64\debug\cvaomanager.obj
d:\$school\$gdp2\gamejam\$code\ocean madness\ocean madness\x64\debug\cshadermanager.obj
d:\$school\$gdp2\gamejam\$code\ocean madness\ocean madness\x64\debug\cshader.obj
d:\$school\$gdp2\gamejam\$code\ocean madness\ocean madness\x64\debug\crunstate.obj
d:\$school\$gdp2\gamejam\$code\ocean madness\ocean madness\x64\debug\crollstate.obj
d:\$school\$gdp2\gamejam\$code\ocean madness\ocean madness\x64\debug\glad.obj
d:\$school\$gdp2\gamejam\$code\ocean madness\ocean madness\x64\debug\cweather.obj
d:\$school\$gdp2\gamejam\$code\ocean madness\ocean madness\x64\debug\craindrop.obj
d:\$school\$gdp2\gamejam\$code\ocean madness\x64\debug\ocean madness.exe
d:\$school\$gdp2\gamejam\$code\ocean madness\x64\debug\ocean madness.ilk
d:\$school\$gdp2\gamejam\$code\ocean madness\x64\debug\ocean madness.pdb
d:\$school\$gdp2\gamejam\$code\ocean madness\ocean madness\x64\debug\ocean madness.tlog\cl.command.1.tlog
d:\$school\$gdp2\gamejam\$code\ocean madness\ocean madness\x64\debug\ocean madness.tlog\cl.read.1.tlog
d:\$school\$gdp2\gamejam\$code\ocean madness\ocean madness\x64\debug\ocean madness.tlog\cl.write.1.tlog
d:\$school\$gdp2\gamejam\$code\ocean madness\ocean madness\x64\debug\ocean madness.tlog\link.command.1.tlog
d:\$school\$gdp2\gamejam\$code\ocean madness\ocean madness\x64\debug\ocean madness.tlog\link.read.1.tlog
d:\$school\$gdp2\gamejam\$code\ocean madness\ocean madness\x64\debug\ocean madness.tlog\link.write.1.tlog
